[23-Feb-2026 23:13:06 UTC] Exception: SQLSTATE[HY000]: General error: 1191 Can't find FULLTEXT index matching the column list
[23-Feb-2026 23:13:06 UTC] Exception: SQLSTATE[HY000]: General error: 1191 Can't find FULLTEXT index matching the column list
[23-Feb-2026 23:13:52 UTC] Exception: SQLSTATE[HY000]: General error: 1191 Can't find FULLTEXT index matching the column list
[23-Feb-2026 23:13:52 UTC] Exception: SQLSTATE[HY000]: General error: 1191 Can't find FULLTEXT index matching the column list
[23-Feb-2026 23:20:20 UTC] Exception: SQLSTATE[HY000]: General error: 1191 Can't find FULLTEXT index matching the column list
[23-Feb-2026 23:21:52 UTC] Exception: SQLSTATE[HY093]: Invalid parameter number
[23-Feb-2026 23:22:54 UTC] Exception: SQLSTATE[HY093]: Invalid parameter number
[23-Feb-2026 23:23:05 UTC] Exception: SQLSTATE[HY093]: Invalid parameter number
[24-Feb-2026 01:41:26 UTC] Exception: Call to undefined method Database::query()
[24-Feb-2026 02:02:11 UTC] Error: [2] require_once(/home/alien/Desktop/TOYS/backend/models/../config/Database.php): Failed to open stream: No such file or directory in /home/alien/Desktop/TOYS/backend/models/ProductVariant.php on line 3
[24-Feb-2026 02:02:26 UTC] Error: [2] require_once(/home/alien/Desktop/TOYS/backend/models/../config/Database.php): Failed to open stream: No such file or directory in /home/alien/Desktop/TOYS/backend/models/ProductVariant.php on line 3
[24-Feb-2026 02:03:24 UTC] Error: [2] require_once(/home/alien/Desktop/TOYS/backend/models/../config/Database.php): Failed to open stream: No such file or directory in /home/alien/Desktop/TOYS/backend/models/ProductVariant.php on line 3
[24-Feb-2026 02:03:24 UTC] Error: [2] require_once(/home/alien/Desktop/TOYS/backend/models/../config/Database.php): Failed to open stream: No such file or directory in /home/alien/Desktop/TOYS/backend/models/ProductVariant.php on line 3
[24-Feb-2026 02:03:24 UTC] Error: [2] require_once(/home/alien/Desktop/TOYS/backend/models/../config/Database.php): Failed to open stream: No such file or directory in /home/alien/Desktop/TOYS/backend/models/ProductVariant.php on line 3
[24-Feb-2026 02:03:24 UTC] Error: [2] require_once(/home/alien/Desktop/TOYS/backend/models/../config/Database.php): Failed to open stream: No such file or directory in /home/alien/Desktop/TOYS/backend/models/ProductVariant.php on line 3
[24-Feb-2026 02:03:24 UTC] Error: [2] require_once(/home/alien/Desktop/TOYS/backend/models/../config/Database.php): Failed to open stream: No such file or directory in /home/alien/Desktop/TOYS/backend/models/ProductVariant.php on line 3
[24-Feb-2026 02:03:24 UTC] Error: [2] require_once(/home/alien/Desktop/TOYS/backend/models/../config/Database.php): Failed to open stream: No such file or directory in /home/alien/Desktop/TOYS/backend/models/ProductVariant.php on line 3
[24-Feb-2026 02:03:25 UTC] Error: [2] require_once(/home/alien/Desktop/TOYS/backend/models/../config/Database.php): Failed to open stream: No such file or directory in /home/alien/Desktop/TOYS/backend/models/ProductVariant.php on line 3
[24-Feb-2026 02:03:25 UTC] Error: [2] require_once(/home/alien/Desktop/TOYS/backend/models/../config/Database.php): Failed to open stream: No such file or directory in /home/alien/Desktop/TOYS/backend/models/ProductVariant.php on line 3
[24-Feb-2026 02:03:25 UTC] Error: [2] require_once(/home/alien/Desktop/TOYS/backend/models/../config/Database.php): Failed to open stream: No such file or directory in /home/alien/Desktop/TOYS/backend/models/ProductVariant.php on line 3
[24-Feb-2026 02:03:25 UTC] Error: [2] require_once(/home/alien/Desktop/TOYS/backend/models/../config/Database.php): Failed to open stream: No such file or directory in /home/alien/Desktop/TOYS/backend/models/ProductVariant.php on line 3
[24-Feb-2026 02:03:25 UTC] Error: [2] require_once(/home/alien/Desktop/TOYS/backend/models/../config/Database.php): Failed to open stream: No such file or directory in /home/alien/Desktop/TOYS/backend/models/ProductVariant.php on line 3
[24-Feb-2026 02:03:25 UTC] Error: [2] require_once(/home/alien/Desktop/TOYS/backend/models/../config/Database.php): Failed to open stream: No such file or directory in /home/alien/Desktop/TOYS/backend/models/ProductVariant.php on line 3
[24-Feb-2026 02:03:25 UTC] Error: [2] require_once(/home/alien/Desktop/TOYS/backend/models/../config/Database.php): Failed to open stream: No such file or directory in /home/alien/Desktop/TOYS/backend/models/ProductVariant.php on line 3
[24-Feb-2026 02:03:25 UTC] Error: [2] require_once(/home/alien/Desktop/TOYS/backend/models/../config/Database.php): Failed to open stream: No such file or directory in /home/alien/Desktop/TOYS/backend/models/ProductVariant.php on line 3
[24-Feb-2026 02:03:25 UTC] Error: [2] require_once(/home/alien/Desktop/TOYS/backend/models/../config/Database.php): Failed to open stream: No such file or directory in /home/alien/Desktop/TOYS/backend/models/ProductVariant.php on line 3
[24-Feb-2026 02:03:25 UTC] Error: [2] require_once(/home/alien/Desktop/TOYS/backend/models/../config/Database.php): Failed to open stream: No such file or directory in /home/alien/Desktop/TOYS/backend/models/ProductVariant.php on line 3
[24-Feb-2026 02:03:25 UTC] Error: [2] require_once(/home/alien/Desktop/TOYS/backend/models/../config/Database.php): Failed to open stream: No such file or directory in /home/alien/Desktop/TOYS/backend/models/ProductVariant.php on line 3
[24-Feb-2026 02:03:25 UTC] Error: [2] require_once(/home/alien/Desktop/TOYS/backend/models/../config/Database.php): Failed to open stream: No such file or directory in /home/alien/Desktop/TOYS/backend/models/ProductVariant.php on line 3
[24-Feb-2026 02:03:25 UTC] Error: [2] require_once(/home/alien/Desktop/TOYS/backend/models/../config/Database.php): Failed to open stream: No such file or directory in /home/alien/Desktop/TOYS/backend/models/ProductVariant.php on line 3
[24-Feb-2026 02:03:25 UTC] Error: [2] require_once(/home/alien/Desktop/TOYS/backend/models/../config/Database.php): Failed to open stream: No such file or directory in /home/alien/Desktop/TOYS/backend/models/ProductVariant.php on line 3
[24-Feb-2026 02:03:25 UTC] Error: [2] require_once(/home/alien/Desktop/TOYS/backend/models/../config/Database.php): Failed to open stream: No such file or directory in /home/alien/Desktop/TOYS/backend/models/ProductVariant.php on line 3
[24-Feb-2026 02:03:25 UTC] Error: [2] require_once(/home/alien/Desktop/TOYS/backend/models/../config/Database.php): Failed to open stream: No such file or directory in /home/alien/Desktop/TOYS/backend/models/ProductVariant.php on line 3
[24-Feb-2026 02:03:25 UTC] Error: [2] require_once(/home/alien/Desktop/TOYS/backend/models/../config/Database.php): Failed to open stream: No such file or directory in /home/alien/Desktop/TOYS/backend/models/ProductVariant.php on line 3
[24-Feb-2026 02:03:25 UTC] Error: [2] require_once(/home/alien/Desktop/TOYS/backend/models/../config/Database.php): Failed to open stream: No such file or directory in /home/alien/Desktop/TOYS/backend/models/ProductVariant.php on line 3
[24-Feb-2026 02:03:25 UTC] Error: [2] require_once(/home/alien/Desktop/TOYS/backend/models/../config/Database.php): Failed to open stream: No such file or directory in /home/alien/Desktop/TOYS/backend/models/ProductVariant.php on line 3
[24-Feb-2026 02:03:25 UTC] Error: [2] require_once(/home/alien/Desktop/TOYS/backend/models/../config/Database.php): Failed to open stream: No such file or directory in /home/alien/Desktop/TOYS/backend/models/ProductVariant.php on line 3
[24-Feb-2026 02:03:25 UTC] Error: [2] require_once(/home/alien/Desktop/TOYS/backend/models/../config/Database.php): Failed to open stream: No such file or directory in /home/alien/Desktop/TOYS/backend/models/ProductVariant.php on line 3
[24-Feb-2026 02:03:31 UTC] Error: [2] require_once(/home/alien/Desktop/TOYS/backend/models/../config/Database.php): Failed to open stream: No such file or directory in /home/alien/Desktop/TOYS/backend/models/ProductVariant.php on line 3
[24-Feb-2026 02:03:31 UTC] Error: [2] require_once(/home/alien/Desktop/TOYS/backend/models/../config/Database.php): Failed to open stream: No such file or directory in /home/alien/Desktop/TOYS/backend/models/ProductVariant.php on line 3
[24-Feb-2026 02:03:31 UTC] Error: [2] require_once(/home/alien/Desktop/TOYS/backend/models/../config/Database.php): Failed to open stream: No such file or directory in /home/alien/Desktop/TOYS/backend/models/ProductVariant.php on line 3
[24-Feb-2026 02:03:31 UTC] Error: [2] require_once(/home/alien/Desktop/TOYS/backend/models/../config/Database.php): Failed to open stream: No such file or directory in /home/alien/Desktop/TOYS/backend/models/ProductVariant.php on line 3
[24-Feb-2026 02:03:31 UTC] Error: [2] require_once(/home/alien/Desktop/TOYS/backend/models/../config/Database.php): Failed to open stream: No such file or directory in /home/alien/Desktop/TOYS/backend/models/ProductVariant.php on line 3
[24-Feb-2026 02:03:31 UTC] Error: [2] require_once(/home/alien/Desktop/TOYS/backend/models/../config/Database.php): Failed to open stream: No such file or directory in /home/alien/Desktop/TOYS/backend/models/ProductVariant.php on line 3
[24-Feb-2026 02:03:31 UTC] Error: [2] require_once(/home/alien/Desktop/TOYS/backend/models/../config/Database.php): Failed to open stream: No such file or directory in /home/alien/Desktop/TOYS/backend/models/ProductVariant.php on line 3
[24-Feb-2026 02:03:31 UTC] Error: [2] require_once(/home/alien/Desktop/TOYS/backend/models/../config/Database.php): Failed to open stream: No such file or directory in /home/alien/Desktop/TOYS/backend/models/ProductVariant.php on line 3
[24-Feb-2026 02:03:31 UTC] Error: [2] require_once(/home/alien/Desktop/TOYS/backend/models/../config/Database.php): Failed to open stream: No such file or directory in /home/alien/Desktop/TOYS/backend/models/ProductVariant.php on line 3
[24-Feb-2026 02:03:32 UTC] Error: [2] require_once(/home/alien/Desktop/TOYS/backend/models/../config/Database.php): Failed to open stream: No such file or directory in /home/alien/Desktop/TOYS/backend/models/ProductVariant.php on line 3
[24-Feb-2026 02:03:32 UTC] Error: [2] require_once(/home/alien/Desktop/TOYS/backend/models/../config/Database.php): Failed to open stream: No such file or directory in /home/alien/Desktop/TOYS/backend/models/ProductVariant.php on line 3
[24-Feb-2026 02:03:32 UTC] Error: [2] require_once(/home/alien/Desktop/TOYS/backend/models/../config/Database.php): Failed to open stream: No such file or directory in /home/alien/Desktop/TOYS/backend/models/ProductVariant.php on line 3
[24-Feb-2026 02:03:32 UTC] Error: [2] require_once(/home/alien/Desktop/TOYS/backend/models/../config/Database.php): Failed to open stream: No such file or directory in /home/alien/Desktop/TOYS/backend/models/ProductVariant.php on line 3
[24-Feb-2026 02:03:32 UTC] Error: [2] require_once(/home/alien/Desktop/TOYS/backend/models/../config/Database.php): Failed to open stream: No such file or directory in /home/alien/Desktop/TOYS/backend/models/ProductVariant.php on line 3
[24-Feb-2026 02:03:32 UTC] Error: [2] require_once(/home/alien/Desktop/TOYS/backend/models/../config/Database.php): Failed to open stream: No such file or directory in /home/alien/Desktop/TOYS/backend/models/ProductVariant.php on line 3
[24-Feb-2026 02:03:32 UTC] Error: [2] require_once(/home/alien/Desktop/TOYS/backend/models/../config/Database.php): Failed to open stream: No such file or directory in /home/alien/Desktop/TOYS/backend/models/ProductVariant.php on line 3
[24-Feb-2026 02:03:32 UTC] Error: [2] require_once(/home/alien/Desktop/TOYS/backend/models/../config/Database.php): Failed to open stream: No such file or directory in /home/alien/Desktop/TOYS/backend/models/ProductVariant.php on line 3
[24-Feb-2026 02:03:32 UTC] Error: [2] require_once(/home/alien/Desktop/TOYS/backend/models/../config/Database.php): Failed to open stream: No such file or directory in /home/alien/Desktop/TOYS/backend/models/ProductVariant.php on line 3
[24-Feb-2026 02:03:32 UTC] Error: [2] require_once(/home/alien/Desktop/TOYS/backend/models/../config/Database.php): Failed to open stream: No such file or directory in /home/alien/Desktop/TOYS/backend/models/ProductVariant.php on line 3
[24-Feb-2026 02:03:32 UTC] Error: [2] require_once(/home/alien/Desktop/TOYS/backend/models/../config/Database.php): Failed to open stream: No such file or directory in /home/alien/Desktop/TOYS/backend/models/ProductVariant.php on line 3
[24-Feb-2026 02:03:32 UTC] Error: [2] require_once(/home/alien/Desktop/TOYS/backend/models/../config/Database.php): Failed to open stream: No such file or directory in /home/alien/Desktop/TOYS/backend/models/ProductVariant.php on line 3
[24-Feb-2026 02:03:32 UTC] Error: [2] require_once(/home/alien/Desktop/TOYS/backend/models/../config/Database.php): Failed to open stream: No such file or directory in /home/alien/Desktop/TOYS/backend/models/ProductVariant.php on line 3
[24-Feb-2026 02:03:32 UTC] Error: [2] require_once(/home/alien/Desktop/TOYS/backend/models/../config/Database.php): Failed to open stream: No such file or directory in /home/alien/Desktop/TOYS/backend/models/ProductVariant.php on line 3
[24-Feb-2026 02:03:32 UTC] Error: [2] require_once(/home/alien/Desktop/TOYS/backend/models/../config/Database.php): Failed to open stream: No such file or directory in /home/alien/Desktop/TOYS/backend/models/ProductVariant.php on line 3
[24-Feb-2026 02:03:32 UTC] Error: [2] require_once(/home/alien/Desktop/TOYS/backend/models/../config/Database.php): Failed to open stream: No such file or directory in /home/alien/Desktop/TOYS/backend/models/ProductVariant.php on line 3
[24-Feb-2026 02:03:32 UTC] Error: [2] require_once(/home/alien/Desktop/TOYS/backend/models/../config/Database.php): Failed to open stream: No such file or directory in /home/alien/Desktop/TOYS/backend/models/ProductVariant.php on line 3
[24-Feb-2026 02:03:32 UTC] Error: [2] require_once(/home/alien/Desktop/TOYS/backend/models/../config/Database.php): Failed to open stream: No such file or directory in /home/alien/Desktop/TOYS/backend/models/ProductVariant.php on line 3
[24-Feb-2026 02:03:32 UTC] Error: [2] require_once(/home/alien/Desktop/TOYS/backend/models/../config/Database.php): Failed to open stream: No such file or directory in /home/alien/Desktop/TOYS/backend/models/ProductVariant.php on line 3
[24-Feb-2026 02:03:32 UTC] Error: [2] require_once(/home/alien/Desktop/TOYS/backend/models/../config/Database.php): Failed to open stream: No such file or directory in /home/alien/Desktop/TOYS/backend/models/ProductVariant.php on line 3
[24-Feb-2026 02:03:32 UTC] Error: [2] require_once(/home/alien/Desktop/TOYS/backend/models/../config/Database.php): Failed to open stream: No such file or directory in /home/alien/Desktop/TOYS/backend/models/ProductVariant.php on line 3
[24-Feb-2026 02:03:32 UTC] Error: [2] require_once(/home/alien/Desktop/TOYS/backend/models/../config/Database.php): Failed to open stream: No such file or directory in /home/alien/Desktop/TOYS/backend/models/ProductVariant.php on line 3
[24-Feb-2026 02:03:32 UTC] Error: [2] require_once(/home/alien/Desktop/TOYS/backend/models/../config/Database.php): Failed to open stream: No such file or directory in /home/alien/Desktop/TOYS/backend/models/ProductVariant.php on line 3
[24-Feb-2026 02:03:32 UTC] Error: [2] require_once(/home/alien/Desktop/TOYS/backend/models/../config/Database.php): Failed to open stream: No such file or directory in /home/alien/Desktop/TOYS/backend/models/ProductVariant.php on line 3
[24-Feb-2026 02:03:32 UTC] Error: [2] require_once(/home/alien/Desktop/TOYS/backend/models/../config/Database.php): Failed to open stream: No such file or directory in /home/alien/Desktop/TOYS/backend/models/ProductVariant.php on line 3
[24-Feb-2026 02:03:32 UTC] Error: [2] require_once(/home/alien/Desktop/TOYS/backend/models/../config/Database.php): Failed to open stream: No such file or directory in /home/alien/Desktop/TOYS/backend/models/ProductVariant.php on line 3
[24-Feb-2026 02:03:32 UTC] Error: [2] require_once(/home/alien/Desktop/TOYS/backend/models/../config/Database.php): Failed to open stream: No such file or directory in /home/alien/Desktop/TOYS/backend/models/ProductVariant.php on line 3
[24-Feb-2026 02:03:32 UTC] Error: [2] require_once(/home/alien/Desktop/TOYS/backend/models/../config/Database.php): Failed to open stream: No such file or directory in /home/alien/Desktop/TOYS/backend/models/ProductVariant.php on line 3
[24-Feb-2026 02:03:32 UTC] Error: [2] require_once(/home/alien/Desktop/TOYS/backend/models/../config/Database.php): Failed to open stream: No such file or directory in /home/alien/Desktop/TOYS/backend/models/ProductVariant.php on line 3
[24-Feb-2026 02:03:32 UTC] Error: [2] require_once(/home/alien/Desktop/TOYS/backend/models/../config/Database.php): Failed to open stream: No such file or directory in /home/alien/Desktop/TOYS/backend/models/ProductVariant.php on line 3
[24-Feb-2026 02:03:32 UTC] Error: [2] require_once(/home/alien/Desktop/TOYS/backend/models/../config/Database.php): Failed to open stream: No such file or directory in /home/alien/Desktop/TOYS/backend/models/ProductVariant.php on line 3
[24-Feb-2026 02:03:36 UTC] Error: [2] require_once(/home/alien/Desktop/TOYS/backend/models/../config/Database.php): Failed to open stream: No such file or directory in /home/alien/Desktop/TOYS/backend/models/ProductVariant.php on line 3
[24-Feb-2026 02:03:36 UTC] Error: [2] require_once(/home/alien/Desktop/TOYS/backend/models/../config/Database.php): Failed to open stream: No such file or directory in /home/alien/Desktop/TOYS/backend/models/ProductVariant.php on line 3
[24-Feb-2026 02:03:36 UTC] Error: [2] require_once(/home/alien/Desktop/TOYS/backend/models/../config/Database.php): Failed to open stream: No such file or directory in /home/alien/Desktop/TOYS/backend/models/ProductVariant.php on line 3
[24-Feb-2026 02:03:36 UTC] Error: [2] require_once(/home/alien/Desktop/TOYS/backend/models/../config/Database.php): Failed to open stream: No such file or directory in /home/alien/Desktop/TOYS/backend/models/ProductVariant.php on line 3
[24-Feb-2026 02:03:36 UTC] Error: [2] require_once(/home/alien/Desktop/TOYS/backend/models/../config/Database.php): Failed to open stream: No such file or directory in /home/alien/Desktop/TOYS/backend/models/ProductVariant.php on line 3
[24-Feb-2026 02:03:36 UTC] Error: [2] require_once(/home/alien/Desktop/TOYS/backend/models/../config/Database.php): Failed to open stream: No such file or directory in /home/alien/Desktop/TOYS/backend/models/ProductVariant.php on line 3
[24-Feb-2026 02:03:37 UTC] Error: [2] require_once(/home/alien/Desktop/TOYS/backend/models/../config/Database.php): Failed to open stream: No such file or directory in /home/alien/Desktop/TOYS/backend/models/ProductVariant.php on line 3
[24-Feb-2026 02:03:37 UTC] Error: [2] require_once(/home/alien/Desktop/TOYS/backend/models/../config/Database.php): Failed to open stream: No such file or directory in /home/alien/Desktop/TOYS/backend/models/ProductVariant.php on line 3
[24-Feb-2026 02:03:37 UTC] Error: [2] require_once(/home/alien/Desktop/TOYS/backend/models/../config/Database.php): Failed to open stream: No such file or directory in /home/alien/Desktop/TOYS/backend/models/ProductVariant.php on line 3
[24-Feb-2026 02:03:37 UTC] Error: [2] require_once(/home/alien/Desktop/TOYS/backend/models/../config/Database.php): Failed to open stream: No such file or directory in /home/alien/Desktop/TOYS/backend/models/ProductVariant.php on line 3
[24-Feb-2026 02:03:37 UTC] Error: [2] require_once(/home/alien/Desktop/TOYS/backend/models/../config/Database.php): Failed to open stream: No such file or directory in /home/alien/Desktop/TOYS/backend/models/ProductVariant.php on line 3
[24-Feb-2026 02:03:37 UTC] Error: [2] require_once(/home/alien/Desktop/TOYS/backend/models/../config/Database.php): Failed to open stream: No such file or directory in /home/alien/Desktop/TOYS/backend/models/ProductVariant.php on line 3
[24-Feb-2026 02:03:37 UTC] Error: [2] require_once(/home/alien/Desktop/TOYS/backend/models/../config/Database.php): Failed to open stream: No such file or directory in /home/alien/Desktop/TOYS/backend/models/ProductVariant.php on line 3
[24-Feb-2026 02:03:37 UTC] Error: [2] require_once(/home/alien/Desktop/TOYS/backend/models/../config/Database.php): Failed to open stream: No such file or directory in /home/alien/Desktop/TOYS/backend/models/ProductVariant.php on line 3
[24-Feb-2026 02:03:37 UTC] Error: [2] require_once(/home/alien/Desktop/TOYS/backend/models/../config/Database.php): Failed to open stream: No such file or directory in /home/alien/Desktop/TOYS/backend/models/ProductVariant.php on line 3
[24-Feb-2026 02:03:37 UTC] Error: [2] require_once(/home/alien/Desktop/TOYS/backend/models/../config/Database.php): Failed to open stream: No such file or directory in /home/alien/Desktop/TOYS/backend/models/ProductVariant.php on line 3
[24-Feb-2026 02:03:37 UTC] Error: [2] require_once(/home/alien/Desktop/TOYS/backend/models/../config/Database.php): Failed to open stream: No such file or directory in /home/alien/Desktop/TOYS/backend/models/ProductVariant.php on line 3
[24-Feb-2026 02:03:37 UTC] Error: [2] require_once(/home/alien/Desktop/TOYS/backend/models/../config/Database.php): Failed to open stream: No such file or directory in /home/alien/Desktop/TOYS/backend/models/ProductVariant.php on line 3
[24-Feb-2026 02:03:37 UTC] Error: [2] require_once(/home/alien/Desktop/TOYS/backend/models/../config/Database.php): Failed to open stream: No such file or directory in /home/alien/Desktop/TOYS/backend/models/ProductVariant.php on line 3
[24-Feb-2026 02:03:37 UTC] Error: [2] require_once(/home/alien/Desktop/TOYS/backend/models/../config/Database.php): Failed to open stream: No such file or directory in /home/alien/Desktop/TOYS/backend/models/ProductVariant.php on line 3
[24-Feb-2026 02:03:37 UTC] Error: [2] require_once(/home/alien/Desktop/TOYS/backend/models/../config/Database.php): Failed to open stream: No such file or directory in /home/alien/Desktop/TOYS/backend/models/ProductVariant.php on line 3
[24-Feb-2026 02:03:37 UTC] Error: [2] require_once(/home/alien/Desktop/TOYS/backend/models/../config/Database.php): Failed to open stream: No such file or directory in /home/alien/Desktop/TOYS/backend/models/ProductVariant.php on line 3
[24-Feb-2026 02:03:37 UTC] Error: [2] require_once(/home/alien/Desktop/TOYS/backend/models/../config/Database.php): Failed to open stream: No such file or directory in /home/alien/Desktop/TOYS/backend/models/ProductVariant.php on line 3
[24-Feb-2026 02:03:37 UTC] Error: [2] require_once(/home/alien/Desktop/TOYS/backend/models/../config/Database.php): Failed to open stream: No such file or directory in /home/alien/Desktop/TOYS/backend/models/ProductVariant.php on line 3
[24-Feb-2026 02:03:37 UTC] Error: [2] require_once(/home/alien/Desktop/TOYS/backend/models/../config/Database.php): Failed to open stream: No such file or directory in /home/alien/Desktop/TOYS/backend/models/ProductVariant.php on line 3
[24-Feb-2026 02:03:37 UTC] Error: [2] require_once(/home/alien/Desktop/TOYS/backend/models/../config/Database.php): Failed to open stream: No such file or directory in /home/alien/Desktop/TOYS/backend/models/ProductVariant.php on line 3
[24-Feb-2026 02:03:37 UTC] Error: [2] require_once(/home/alien/Desktop/TOYS/backend/models/../config/Database.php): Failed to open stream: No such file or directory in /home/alien/Desktop/TOYS/backend/models/ProductVariant.php on line 3
[24-Feb-2026 02:03:41 UTC] Error: [2] require_once(/home/alien/Desktop/TOYS/backend/models/../config/Database.php): Failed to open stream: No such file or directory in /home/alien/Desktop/TOYS/backend/models/ProductVariant.php on line 3
[24-Feb-2026 02:03:41 UTC] Error: [2] require_once(/home/alien/Desktop/TOYS/backend/models/../config/Database.php): Failed to open stream: No such file or directory in /home/alien/Desktop/TOYS/backend/models/ProductVariant.php on line 3
[24-Feb-2026 02:03:41 UTC] Error: [2] require_once(/home/alien/Desktop/TOYS/backend/models/../config/Database.php): Failed to open stream: No such file or directory in /home/alien/Desktop/TOYS/backend/models/ProductVariant.php on line 3
[24-Feb-2026 02:03:41 UTC] Error: [2] require_once(/home/alien/Desktop/TOYS/backend/models/../config/Database.php): Failed to open stream: No such file or directory in /home/alien/Desktop/TOYS/backend/models/ProductVariant.php on line 3
[24-Feb-2026 02:03:41 UTC] Error: [2] require_once(/home/alien/Desktop/TOYS/backend/models/../config/Database.php): Failed to open stream: No such file or directory in /home/alien/Desktop/TOYS/backend/models/ProductVariant.php on line 3
[24-Feb-2026 02:03:41 UTC] Error: [2] require_once(/home/alien/Desktop/TOYS/backend/models/../config/Database.php): Failed to open stream: No such file or directory in /home/alien/Desktop/TOYS/backend/models/ProductVariant.php on line 3
[24-Feb-2026 02:03:41 UTC] Error: [2] require_once(/home/alien/Desktop/TOYS/backend/models/../config/Database.php): Failed to open stream: No such file or directory in /home/alien/Desktop/TOYS/backend/models/ProductVariant.php on line 3
[24-Feb-2026 02:03:41 UTC] Error: [2] require_once(/home/alien/Desktop/TOYS/backend/models/../config/Database.php): Failed to open stream: No such file or directory in /home/alien/Desktop/TOYS/backend/models/ProductVariant.php on line 3
[24-Feb-2026 02:03:41 UTC] Error: [2] require_once(/home/alien/Desktop/TOYS/backend/models/../config/Database.php): Failed to open stream: No such file or directory in /home/alien/Desktop/TOYS/backend/models/ProductVariant.php on line 3
[24-Feb-2026 02:03:41 UTC] Error: [2] require_once(/home/alien/Desktop/TOYS/backend/models/../config/Database.php): Failed to open stream: No such file or directory in /home/alien/Desktop/TOYS/backend/models/ProductVariant.php on line 3
[24-Feb-2026 02:03:41 UTC] Error: [2] require_once(/home/alien/Desktop/TOYS/backend/models/../config/Database.php): Failed to open stream: No such file or directory in /home/alien/Desktop/TOYS/backend/models/ProductVariant.php on line 3
[24-Feb-2026 02:03:41 UTC] Error: [2] require_once(/home/alien/Desktop/TOYS/backend/models/../config/Database.php): Failed to open stream: No such file or directory in /home/alien/Desktop/TOYS/backend/models/ProductVariant.php on line 3
[24-Feb-2026 02:03:41 UTC] Error: [2] require_once(/home/alien/Desktop/TOYS/backend/models/../config/Database.php): Failed to open stream: No such file or directory in /home/alien/Desktop/TOYS/backend/models/ProductVariant.php on line 3
[24-Feb-2026 02:03:41 UTC] Error: [2] require_once(/home/alien/Desktop/TOYS/backend/models/../config/Database.php): Failed to open stream: No such file or directory in /home/alien/Desktop/TOYS/backend/models/ProductVariant.php on line 3
[24-Feb-2026 02:03:41 UTC] Error: [2] require_once(/home/alien/Desktop/TOYS/backend/models/../config/Database.php): Failed to open stream: No such file or directory in /home/alien/Desktop/TOYS/backend/models/ProductVariant.php on line 3
[24-Feb-2026 02:03:41 UTC] Error: [2] require_once(/home/alien/Desktop/TOYS/backend/models/../config/Database.php): Failed to open stream: No such file or directory in /home/alien/Desktop/TOYS/backend/models/ProductVariant.php on line 3
[24-Feb-2026 02:03:41 UTC] Error: [2] require_once(/home/alien/Desktop/TOYS/backend/models/../config/Database.php): Failed to open stream: No such file or directory in /home/alien/Desktop/TOYS/backend/models/ProductVariant.php on line 3
[24-Feb-2026 02:03:41 UTC] Error: [2] require_once(/home/alien/Desktop/TOYS/backend/models/../config/Database.php): Failed to open stream: No such file or directory in /home/alien/Desktop/TOYS/backend/models/ProductVariant.php on line 3
[24-Feb-2026 02:03:41 UTC] Error: [2] require_once(/home/alien/Desktop/TOYS/backend/models/../config/Database.php): Failed to open stream: No such file or directory in /home/alien/Desktop/TOYS/backend/models/ProductVariant.php on line 3
[24-Feb-2026 02:03:41 UTC] Error: [2] require_once(/home/alien/Desktop/TOYS/backend/models/../config/Database.php): Failed to open stream: No such file or directory in /home/alien/Desktop/TOYS/backend/models/ProductVariant.php on line 3
[24-Feb-2026 02:03:41 UTC] Error: [2] require_once(/home/alien/Desktop/TOYS/backend/models/../config/Database.php): Failed to open stream: No such file or directory in /home/alien/Desktop/TOYS/backend/models/ProductVariant.php on line 3
[24-Feb-2026 02:03:41 UTC] Error: [2] require_once(/home/alien/Desktop/TOYS/backend/models/../config/Database.php): Failed to open stream: No such file or directory in /home/alien/Desktop/TOYS/backend/models/ProductVariant.php on line 3
[24-Feb-2026 02:03:41 UTC] Error: [2] require_once(/home/alien/Desktop/TOYS/backend/models/../config/Database.php): Failed to open stream: No such file or directory in /home/alien/Desktop/TOYS/backend/models/ProductVariant.php on line 3
[24-Feb-2026 02:03:41 UTC] Error: [2] require_once(/home/alien/Desktop/TOYS/backend/models/../config/Database.php): Failed to open stream: No such file or directory in /home/alien/Desktop/TOYS/backend/models/ProductVariant.php on line 3
[24-Feb-2026 02:03:41 UTC] Error: [2] require_once(/home/alien/Desktop/TOYS/backend/models/../config/Database.php): Failed to open stream: No such file or directory in /home/alien/Desktop/TOYS/backend/models/ProductVariant.php on line 3
[24-Feb-2026 02:03:41 UTC] Error: [2] require_once(/home/alien/Desktop/TOYS/backend/models/../config/Database.php): Failed to open stream: No such file or directory in /home/alien/Desktop/TOYS/backend/models/ProductVariant.php on line 3
[24-Feb-2026 02:03:41 UTC] Error: [2] require_once(/home/alien/Desktop/TOYS/backend/models/../config/Database.php): Failed to open stream: No such file or directory in /home/alien/Desktop/TOYS/backend/models/ProductVariant.php on line 3
[24-Feb-2026 02:03:45 UTC] Error: [2] require_once(/home/alien/Desktop/TOYS/backend/models/../config/Database.php): Failed to open stream: No such file or directory in /home/alien/Desktop/TOYS/backend/models/ProductVariant.php on line 3
[24-Feb-2026 02:03:45 UTC] Error: [2] require_once(/home/alien/Desktop/TOYS/backend/models/../config/Database.php): Failed to open stream: No such file or directory in /home/alien/Desktop/TOYS/backend/models/ProductVariant.php on line 3
[24-Feb-2026 02:03:45 UTC] Error: [2] require_once(/home/alien/Desktop/TOYS/backend/models/../config/Database.php): Failed to open stream: No such file or directory in /home/alien/Desktop/TOYS/backend/models/ProductVariant.php on line 3
[24-Feb-2026 02:03:45 UTC] Error: [2] require_once(/home/alien/Desktop/TOYS/backend/models/../config/Database.php): Failed to open stream: No such file or directory in /home/alien/Desktop/TOYS/backend/models/ProductVariant.php on line 3
[24-Feb-2026 02:03:45 UTC] Error: [2] require_once(/home/alien/Desktop/TOYS/backend/models/../config/Database.php): Failed to open stream: No such file or directory in /home/alien/Desktop/TOYS/backend/models/ProductVariant.php on line 3
[24-Feb-2026 02:03:45 UTC] Error: [2] require_once(/home/alien/Desktop/TOYS/backend/models/../config/Database.php): Failed to open stream: No such file or directory in /home/alien/Desktop/TOYS/backend/models/ProductVariant.php on line 3
[24-Feb-2026 02:03:45 UTC] Error: [2] require_once(/home/alien/Desktop/TOYS/backend/models/../config/Database.php): Failed to open stream: No such file or directory in /home/alien/Desktop/TOYS/backend/models/ProductVariant.php on line 3
[24-Feb-2026 02:03:45 UTC] Error: [2] require_once(/home/alien/Desktop/TOYS/backend/models/../config/Database.php): Failed to open stream: No such file or directory in /home/alien/Desktop/TOYS/backend/models/ProductVariant.php on line 3
[24-Feb-2026 02:03:45 UTC] Error: [2] require_once(/home/alien/Desktop/TOYS/backend/models/../config/Database.php): Failed to open stream: No such file or directory in /home/alien/Desktop/TOYS/backend/models/ProductVariant.php on line 3
[24-Feb-2026 02:03:45 UTC] Error: [2] require_once(/home/alien/Desktop/TOYS/backend/models/../config/Database.php): Failed to open stream: No such file or directory in /home/alien/Desktop/TOYS/backend/models/ProductVariant.php on line 3
[24-Feb-2026 02:03:45 UTC] Error: [2] require_once(/home/alien/Desktop/TOYS/backend/models/../config/Database.php): Failed to open stream: No such file or directory in /home/alien/Desktop/TOYS/backend/models/ProductVariant.php on line 3
[24-Feb-2026 02:03:45 UTC] Error: [2] require_once(/home/alien/Desktop/TOYS/backend/models/../config/Database.php): Failed to open stream: No such file or directory in /home/alien/Desktop/TOYS/backend/models/ProductVariant.php on line 3
[24-Feb-2026 02:03:45 UTC] Error: [2] require_once(/home/alien/Desktop/TOYS/backend/models/../config/Database.php): Failed to open stream: No such file or directory in /home/alien/Desktop/TOYS/backend/models/ProductVariant.php on line 3
[24-Feb-2026 02:03:45 UTC] Error: [2] require_once(/home/alien/Desktop/TOYS/backend/models/../config/Database.php): Failed to open stream: No such file or directory in /home/alien/Desktop/TOYS/backend/models/ProductVariant.php on line 3
[24-Feb-2026 02:03:45 UTC] Error: [2] require_once(/home/alien/Desktop/TOYS/backend/models/../config/Database.php): Failed to open stream: No such file or directory in /home/alien/Desktop/TOYS/backend/models/ProductVariant.php on line 3
[24-Feb-2026 02:03:45 UTC] Error: [2] require_once(/home/alien/Desktop/TOYS/backend/models/../config/Database.php): Failed to open stream: No such file or directory in /home/alien/Desktop/TOYS/backend/models/ProductVariant.php on line 3
[24-Feb-2026 02:03:46 UTC] Error: [2] require_once(/home/alien/Desktop/TOYS/backend/models/../config/Database.php): Failed to open stream: No such file or directory in /home/alien/Desktop/TOYS/backend/models/ProductVariant.php on line 3
[24-Feb-2026 02:03:46 UTC] Error: [2] require_once(/home/alien/Desktop/TOYS/backend/models/../config/Database.php): Failed to open stream: No such file or directory in /home/alien/Desktop/TOYS/backend/models/ProductVariant.php on line 3
[24-Feb-2026 02:03:46 UTC] Error: [2] require_once(/home/alien/Desktop/TOYS/backend/models/../config/Database.php): Failed to open stream: No such file or directory in /home/alien/Desktop/TOYS/backend/models/ProductVariant.php on line 3
[24-Feb-2026 02:03:46 UTC] Error: [2] require_once(/home/alien/Desktop/TOYS/backend/models/../config/Database.php): Failed to open stream: No such file or directory in /home/alien/Desktop/TOYS/backend/models/ProductVariant.php on line 3
[24-Feb-2026 02:03:46 UTC] Error: [2] require_once(/home/alien/Desktop/TOYS/backend/models/../config/Database.php): Failed to open stream: No such file or directory in /home/alien/Desktop/TOYS/backend/models/ProductVariant.php on line 3
[24-Feb-2026 02:03:46 UTC] Error: [2] require_once(/home/alien/Desktop/TOYS/backend/models/../config/Database.php): Failed to open stream: No such file or directory in /home/alien/Desktop/TOYS/backend/models/ProductVariant.php on line 3
[24-Feb-2026 02:03:46 UTC] Error: [2] require_once(/home/alien/Desktop/TOYS/backend/models/../config/Database.php): Failed to open stream: No such file or directory in /home/alien/Desktop/TOYS/backend/models/ProductVariant.php on line 3
[24-Feb-2026 02:03:46 UTC] Error: [2] require_once(/home/alien/Desktop/TOYS/backend/models/../config/Database.php): Failed to open stream: No such file or directory in /home/alien/Desktop/TOYS/backend/models/ProductVariant.php on line 3
[24-Feb-2026 02:03:46 UTC] Error: [2] require_once(/home/alien/Desktop/TOYS/backend/models/../config/Database.php): Failed to open stream: No such file or directory in /home/alien/Desktop/TOYS/backend/models/ProductVariant.php on line 3
[24-Feb-2026 02:03:46 UTC] Error: [2] require_once(/home/alien/Desktop/TOYS/backend/models/../config/Database.php): Failed to open stream: No such file or directory in /home/alien/Desktop/TOYS/backend/models/ProductVariant.php on line 3
[24-Feb-2026 02:03:46 UTC] Error: [2] require_once(/home/alien/Desktop/TOYS/backend/models/../config/Database.php): Failed to open stream: No such file or directory in /home/alien/Desktop/TOYS/backend/models/ProductVariant.php on line 3
[24-Feb-2026 02:05:43 UTC] Error: [2] require_once(/home/alien/Desktop/TOYS/backend/models/../config/Database.php): Failed to open stream: No such file or directory in /home/alien/Desktop/TOYS/backend/models/ProductVariant.php on line 3
[24-Feb-2026 02:05:43 UTC] Error: [2] require_once(/home/alien/Desktop/TOYS/backend/models/../config/Database.php): Failed to open stream: No such file or directory in /home/alien/Desktop/TOYS/backend/models/ProductVariant.php on line 3
[24-Feb-2026 02:05:43 UTC] Error: [2] require_once(/home/alien/Desktop/TOYS/backend/models/../config/Database.php): Failed to open stream: No such file or directory in /home/alien/Desktop/TOYS/backend/models/ProductVariant.php on line 3
[24-Feb-2026 02:05:43 UTC] Error: [2] require_once(/home/alien/Desktop/TOYS/backend/models/../config/Database.php): Failed to open stream: No such file or directory in /home/alien/Desktop/TOYS/backend/models/ProductVariant.php on line 3
[24-Feb-2026 02:05:43 UTC] Error: [2] require_once(/home/alien/Desktop/TOYS/backend/models/../config/Database.php): Failed to open stream: No such file or directory in /home/alien/Desktop/TOYS/backend/models/ProductVariant.php on line 3
[24-Feb-2026 02:05:43 UTC] Error: [2] require_once(/home/alien/Desktop/TOYS/backend/models/../config/Database.php): Failed to open stream: No such file or directory in /home/alien/Desktop/TOYS/backend/models/ProductVariant.php on line 3
[24-Feb-2026 02:05:43 UTC] Error: [2] require_once(/home/alien/Desktop/TOYS/backend/models/../config/Database.php): Failed to open stream: No such file or directory in /home/alien/Desktop/TOYS/backend/models/ProductVariant.php on line 3
[24-Feb-2026 02:05:43 UTC] Error: [2] require_once(/home/alien/Desktop/TOYS/backend/models/../config/Database.php): Failed to open stream: No such file or directory in /home/alien/Desktop/TOYS/backend/models/ProductVariant.php on line 3
[24-Feb-2026 02:05:43 UTC] Error: [2] require_once(/home/alien/Desktop/TOYS/backend/models/../config/Database.php): Failed to open stream: No such file or directory in /home/alien/Desktop/TOYS/backend/models/ProductVariant.php on line 3
[24-Feb-2026 02:05:46 UTC] Error: [2] require_once(/home/alien/Desktop/TOYS/backend/models/../config/Database.php): Failed to open stream: No such file or directory in /home/alien/Desktop/TOYS/backend/models/ProductVariant.php on line 3
[24-Feb-2026 02:05:46 UTC] Error: [2] require_once(/home/alien/Desktop/TOYS/backend/models/../config/Database.php): Failed to open stream: No such file or directory in /home/alien/Desktop/TOYS/backend/models/ProductVariant.php on line 3
[24-Feb-2026 02:05:46 UTC] Error: [2] require_once(/home/alien/Desktop/TOYS/backend/models/../config/Database.php): Failed to open stream: No such file or directory in /home/alien/Desktop/TOYS/backend/models/ProductVariant.php on line 3
[24-Feb-2026 02:05:47 UTC] Error: [2] require_once(/home/alien/Desktop/TOYS/backend/models/../config/Database.php): Failed to open stream: No such file or directory in /home/alien/Desktop/TOYS/backend/models/ProductVariant.php on line 3
[24-Feb-2026 02:05:48 UTC] Error: [2] require_once(/home/alien/Desktop/TOYS/backend/models/../config/Database.php): Failed to open stream: No such file or directory in /home/alien/Desktop/TOYS/backend/models/ProductVariant.php on line 3
[24-Feb-2026 02:05:48 UTC] Error: [2] require_once(/home/alien/Desktop/TOYS/backend/models/../config/Database.php): Failed to open stream: No such file or directory in /home/alien/Desktop/TOYS/backend/models/ProductVariant.php on line 3
[24-Feb-2026 02:05:48 UTC] Error: [2] require_once(/home/alien/Desktop/TOYS/backend/models/../config/Database.php): Failed to open stream: No such file or directory in /home/alien/Desktop/TOYS/backend/models/ProductVariant.php on line 3
[24-Feb-2026 02:05:50 UTC] Error: [2] require_once(/home/alien/Desktop/TOYS/backend/models/../config/Database.php): Failed to open stream: No such file or directory in /home/alien/Desktop/TOYS/backend/models/ProductVariant.php on line 3
[24-Feb-2026 02:05:50 UTC] Error: [2] require_once(/home/alien/Desktop/TOYS/backend/models/../config/Database.php): Failed to open stream: No such file or directory in /home/alien/Desktop/TOYS/backend/models/ProductVariant.php on line 3
[24-Feb-2026 02:05:50 UTC] Error: [2] require_once(/home/alien/Desktop/TOYS/backend/models/../config/Database.php): Failed to open stream: No such file or directory in /home/alien/Desktop/TOYS/backend/models/ProductVariant.php on line 3
[24-Feb-2026 02:05:50 UTC] Error: [2] require_once(/home/alien/Desktop/TOYS/backend/models/../config/Database.php): Failed to open stream: No such file or directory in /home/alien/Desktop/TOYS/backend/models/ProductVariant.php on line 3
[24-Feb-2026 02:05:50 UTC] Error: [2] require_once(/home/alien/Desktop/TOYS/backend/models/../config/Database.php): Failed to open stream: No such file or directory in /home/alien/Desktop/TOYS/backend/models/ProductVariant.php on line 3
[24-Feb-2026 02:05:50 UTC] Error: [2] require_once(/home/alien/Desktop/TOYS/backend/models/../config/Database.php): Failed to open stream: No such file or directory in /home/alien/Desktop/TOYS/backend/models/ProductVariant.php on line 3
[24-Feb-2026 02:05:50 UTC] Error: [2] require_once(/home/alien/Desktop/TOYS/backend/models/../config/Database.php): Failed to open stream: No such file or directory in /home/alien/Desktop/TOYS/backend/models/ProductVariant.php on line 3
[24-Feb-2026 02:05:51 UTC] Error: [2] require_once(/home/alien/Desktop/TOYS/backend/models/../config/Database.php): Failed to open stream: No such file or directory in /home/alien/Desktop/TOYS/backend/models/ProductVariant.php on line 3
[24-Feb-2026 02:05:51 UTC] Error: [2] require_once(/home/alien/Desktop/TOYS/backend/models/../config/Database.php): Failed to open stream: No such file or directory in /home/alien/Desktop/TOYS/backend/models/ProductVariant.php on line 3
[24-Feb-2026 02:05:51 UTC] Error: [2] require_once(/home/alien/Desktop/TOYS/backend/models/../config/Database.php): Failed to open stream: No such file or directory in /home/alien/Desktop/TOYS/backend/models/ProductVariant.php on line 3
[24-Feb-2026 02:05:51 UTC] Error: [2] require_once(/home/alien/Desktop/TOYS/backend/models/../config/Database.php): Failed to open stream: No such file or directory in /home/alien/Desktop/TOYS/backend/models/ProductVariant.php on line 3
[24-Feb-2026 02:05:51 UTC] Error: [2] require_once(/home/alien/Desktop/TOYS/backend/models/../config/Database.php): Failed to open stream: No such file or directory in /home/alien/Desktop/TOYS/backend/models/ProductVariant.php on line 3
[24-Feb-2026 02:05:52 UTC] Error: [2] require_once(/home/alien/Desktop/TOYS/backend/models/../config/Database.php): Failed to open stream: No such file or directory in /home/alien/Desktop/TOYS/backend/models/ProductVariant.php on line 3
[24-Feb-2026 06:04:04 UTC] Error: [2] require_once(/home/alien/Desktop/TOYS/backend/models/../config/Database.php): Failed to open stream: No such file or directory in /home/alien/Desktop/TOYS/backend/models/ProductVariant.php on line 3
[24-Feb-2026 06:04:04 UTC] Error: [2] require_once(/home/alien/Desktop/TOYS/backend/models/../config/Database.php): Failed to open stream: No such file or directory in /home/alien/Desktop/TOYS/backend/models/ProductVariant.php on line 3
[24-Feb-2026 06:04:04 UTC] Error: [2] require_once(/home/alien/Desktop/TOYS/backend/models/../config/Database.php): Failed to open stream: No such file or directory in /home/alien/Desktop/TOYS/backend/models/ProductVariant.php on line 3
[24-Feb-2026 06:04:04 UTC] Error: [2] require_once(/home/alien/Desktop/TOYS/backend/models/../config/Database.php): Failed to open stream: No such file or directory in /home/alien/Desktop/TOYS/backend/models/ProductVariant.php on line 3
[24-Feb-2026 06:04:04 UTC] Error: [2] require_once(/home/alien/Desktop/TOYS/backend/models/../config/Database.php): Failed to open stream: No such file or directory in /home/alien/Desktop/TOYS/backend/models/ProductVariant.php on line 3
[24-Feb-2026 06:04:04 UTC] Error: [2] require_once(/home/alien/Desktop/TOYS/backend/models/../config/Database.php): Failed to open stream: No such file or directory in /home/alien/Desktop/TOYS/backend/models/ProductVariant.php on line 3
[24-Feb-2026 06:04:04 UTC] Error: [2] require_once(/home/alien/Desktop/TOYS/backend/models/../config/Database.php): Failed to open stream: No such file or directory in /home/alien/Desktop/TOYS/backend/models/ProductVariant.php on line 3
[24-Feb-2026 06:04:04 UTC] Error: [2] require_once(/home/alien/Desktop/TOYS/backend/models/../config/Database.php): Failed to open stream: No such file or directory in /home/alien/Desktop/TOYS/backend/models/ProductVariant.php on line 3
[24-Feb-2026 06:04:04 UTC] Error: [2] require_once(/home/alien/Desktop/TOYS/backend/models/../config/Database.php): Failed to open stream: No such file or directory in /home/alien/Desktop/TOYS/backend/models/ProductVariant.php on line 3
[24-Feb-2026 06:04:04 UTC] Error: [2] require_once(/home/alien/Desktop/TOYS/backend/models/../config/Database.php): Failed to open stream: No such file or directory in /home/alien/Desktop/TOYS/backend/models/ProductVariant.php on line 3
[24-Feb-2026 09:01:31 UTC] Error: [2] require_once(/home/alien/Desktop/TOYS/backend/models/../config/Database.php): Failed to open stream: No such file or directory in /home/alien/Desktop/TOYS/backend/models/ProductVariant.php on line 3
[24-Feb-2026 09:01:31 UTC] Error: [2] require_once(/home/alien/Desktop/TOYS/backend/models/../config/Database.php): Failed to open stream: No such file or directory in /home/alien/Desktop/TOYS/backend/models/ProductVariant.php on line 3
[24-Feb-2026 09:01:31 UTC] Error: [2] require_once(/home/alien/Desktop/TOYS/backend/models/../config/Database.php): Failed to open stream: No such file or directory in /home/alien/Desktop/TOYS/backend/models/ProductVariant.php on line 3
[24-Feb-2026 09:01:32 UTC] Error: [2] require_once(/home/alien/Desktop/TOYS/backend/models/../config/Database.php): Failed to open stream: No such file or directory in /home/alien/Desktop/TOYS/backend/models/ProductVariant.php on line 3
[24-Feb-2026 09:01:32 UTC] Error: [2] require_once(/home/alien/Desktop/TOYS/backend/models/../config/Database.php): Failed to open stream: No such file or directory in /home/alien/Desktop/TOYS/backend/models/ProductVariant.php on line 3
[24-Feb-2026 09:01:32 UTC] Error: [2] require_once(/home/alien/Desktop/TOYS/backend/models/../config/Database.php): Failed to open stream: No such file or directory in /home/alien/Desktop/TOYS/backend/models/ProductVariant.php on line 3
[24-Feb-2026 09:01:32 UTC] Error: [2] require_once(/home/alien/Desktop/TOYS/backend/models/../config/Database.php): Failed to open stream: No such file or directory in /home/alien/Desktop/TOYS/backend/models/ProductVariant.php on line 3
[24-Feb-2026 09:01:33 UTC] Error: [2] require_once(/home/alien/Desktop/TOYS/backend/models/../config/Database.php): Failed to open stream: No such file or directory in /home/alien/Desktop/TOYS/backend/models/ProductVariant.php on line 3
[24-Feb-2026 09:01:33 UTC] Error: [2] require_once(/home/alien/Desktop/TOYS/backend/models/../config/Database.php): Failed to open stream: No such file or directory in /home/alien/Desktop/TOYS/backend/models/ProductVariant.php on line 3
[24-Feb-2026 09:01:34 UTC] Error: [2] require_once(/home/alien/Desktop/TOYS/backend/models/../config/Database.php): Failed to open stream: No such file or directory in /home/alien/Desktop/TOYS/backend/models/ProductVariant.php on line 3
[24-Feb-2026 15:09:43 UTC] Exception: Class "ProductVariantController" not found
[24-Feb-2026 15:09:48 UTC] Exception: Class "ProductVariantController" not found
[24-Feb-2026 15:09:48 UTC] Exception: Class "ProductVariantController" not found
[24-Feb-2026 15:09:48 UTC] Exception: Class "ProductVariantController" not found
[24-Feb-2026 15:09:48 UTC] Exception: Class "ProductVariantController" not found
[24-Feb-2026 15:09:48 UTC] Exception: Class "ProductVariantController" not found
[24-Feb-2026 15:09:48 UTC] Exception: Class "ProductVariantController" not found
[24-Feb-2026 15:09:48 UTC] Exception: Class "ProductVariantController" not found
[24-Feb-2026 15:09:48 UTC] Exception: Class "ProductVariantController" not found
[24-Feb-2026 15:09:48 UTC] Exception: Class "ProductVariantController" not found
[24-Feb-2026 15:09:48 UTC] Exception: Class "ProductVariantController" not found
[24-Feb-2026 15:09:48 UTC] Exception: Class "ProductVariantController" not found
[24-Feb-2026 15:09:48 UTC] Exception: Class "ProductVariantController" not found
[24-Feb-2026 15:09:48 UTC] Exception: Class "ProductVariantController" not found
[24-Feb-2026 15:09:48 UTC] Exception: Class "ProductVariantController" not found
[24-Feb-2026 15:09:53 UTC] Exception: Class "ProductVariantController" not found
[24-Feb-2026 15:09:53 UTC] Exception: Class "ProductVariantController" not found
[24-Feb-2026 15:09:53 UTC] Exception: Class "ProductVariantController" not found
[24-Feb-2026 15:12:00 UTC] Exception: Class "ProductVariantController" not found
[24-Feb-2026 15:12:00 UTC] Exception: Class "ProductVariantController" not found
[24-Feb-2026 15:12:00 UTC] Exception: Class "ProductVariantController" not found
[24-Feb-2026 15:12:00 UTC] Exception: Class "ProductVariantController" not found
[24-Feb-2026 15:16:16 UTC] Exception: syntax error, unexpected variable "$stmt", expecting "function"
[24-Feb-2026 15:16:16 UTC] Exception: syntax error, unexpected variable "$stmt", expecting "function"
[24-Feb-2026 15:16:17 UTC] Exception: syntax error, unexpected variable "$stmt", expecting "function"
[24-Feb-2026 15:16:19 UTC] Exception: syntax error, unexpected variable "$stmt", expecting "function"
